[[[[[ ~/meteor/EVSD-SITE ]]]]]

=> Started proxy.
=> Meteor 1.4.1 is available. Update this project with 'meteor update'.
=> Started MongoDB.
=> Started your app.

=> App running at: http://localhost:3000/
=> Meteor 1.4.1 is available. Update this project with 'meteor update'.
[34mI20160821-15:59:33.068(0)? [39mException while invoking method 'editProfile' Error: Match error: Expected number, got string in field grade
[34mI20160821-15:59:33.150(0)? [39m    at exports.check (packages/check/match.js:34:1)
[34mI20160821-15:59:33.150(0)? [39m    at [object Object].editProfile (server/editProfie.js:4:3)
[34mI20160821-15:59:33.151(0)? [39m    at maybeAuditArgumentChecks (packages/ddp-server/livedata_server.js:1711:12)
[34mI20160821-15:59:33.151(0)? [39m    at packages/ddp-server/livedata_server.js:711:19
[34mI20160821-15:59:33.151(0)? [39m    at [object Object]._.extend.withValue (packages/meteor/dynamics_nodejs.js:56:1)
[34mI20160821-15:59:33.151(0)? [39m    at packages/ddp-server/livedata_server.js:709:40
[34mI20160821-15:59:33.151(0)? [39m    at [object Object]._.extend.withValue (packages/meteor/dynamics_nodejs.js:56:1)
[34mI20160821-15:59:33.152(0)? [39m    at packages/ddp-server/livedata_server.js:707:46
[34mI20160821-15:59:33.152(0)? [39m    at Session.method (packages/ddp-server/livedata_server.js:681:23)
[34mI20160821-15:59:33.152(0)? [39m    at packages/ddp-server/livedata_server.js:551:43
[34mI20160821-15:59:33.152(0)? [39mSanitized and reported to the client as: Match failed [400]
[34mI20160821-15:59:33.152(0)? [39m
[34mI20160821-16:00:18.115(0)? [39mException while invoking method 'editProfile' Error: Match error: Expected number, got string in field grade
[34mI20160821-16:00:18.115(0)? [39m    at exports.check (packages/check/match.js:34:1)
[34mI20160821-16:00:18.115(0)? [39m    at [object Object].editProfile (server/editProfie.js:4:3)
[34mI20160821-16:00:18.115(0)? [39m    at maybeAuditArgumentChecks (packages/ddp-server/livedata_server.js:1711:12)
[34mI20160821-16:00:18.116(0)? [39m    at packages/ddp-server/livedata_server.js:711:19
[34mI20160821-16:00:18.116(0)? [39m    at [object Object]._.extend.withValue (packages/meteor/dynamics_nodejs.js:56:1)
[34mI20160821-16:00:18.116(0)? [39m    at packages/ddp-server/livedata_server.js:709:40
[34mI20160821-16:00:18.116(0)? [39m    at [object Object]._.extend.withValue (packages/meteor/dynamics_nodejs.js:56:1)
[34mI20160821-16:00:18.116(0)? [39m    at packages/ddp-server/livedata_server.js:707:46
[34mI20160821-16:00:18.116(0)? [39m    at Session.method (packages/ddp-server/livedata_server.js:681:23)
[34mI20160821-16:00:18.117(0)? [39m    at packages/ddp-server/livedata_server.js:551:43
[34mI20160821-16:00:18.117(0)? [39mSanitized and reported to the client as: Match failed [400]
[34mI20160821-16:00:18.117(0)? [39m
[34mI20160821-16:00:59.267(0)? [39m{ tournament: 'testing',
[34mI20160821-16:00:59.268(0)? [39m  userFirst: 'df',
[34mI20160821-16:00:59.268(0)? [39m  userLast: 'f',
[34mI20160821-16:00:59.268(0)? [39m  userEmail: 'test@gmail.com',
[34mI20160821-16:00:59.268(0)? [39m  partnerFirst: 'df',
[34mI20160821-16:00:59.269(0)? [39m  partnerLast: 'f',
[34mI20160821-16:00:59.269(0)? [39m  partnerEmail: 'test@gmail.com',
[34mI20160821-16:00:59.269(0)? [39m  studentConsent: 'yes',
[34mI20160821-16:00:59.269(0)? [39m  parentConsent: 'yes',
[34mI20160821-16:00:59.269(0)? [39m  judgeFirst: 'a',
[34mI20160821-16:00:59.270(0)? [39m  judgeLast: 'a',
[34mI20160821-16:00:59.270(0)? [39m  judgeEmail: 'a@f',
[34mI20160821-16:00:59.270(0)? [39m  judgePhone: 'a' }
[34mI20160821-16:00:59.278(0)? [39mnull { id: 'ch_18kyNaDCa6yIfbuLjwiYo4bh',
[34mI20160821-16:00:59.279(0)? [39m  object: 'charge',
[34mI20160821-16:00:59.279(0)? [39m  amount: 12200,
[34mI20160821-16:00:59.279(0)? [39m  amount_refunded: 0,
[34mI20160821-16:00:59.279(0)? [39m  application_fee: null,
[34mI20160821-16:00:59.279(0)? [39m  balance_transaction: 'txn_18kyNbDCa6yIfbuLGuJRX3nU',
[34mI20160821-16:00:59.280(0)? [39m  captured: true,
[34mI20160821-16:00:59.280(0)? [39m  created: 1471795258,
[34mI20160821-16:00:59.280(0)? [39m  currency: 'usd',
[34mI20160821-16:00:59.281(0)? [39m  customer: null,
[34mI20160821-16:00:59.281(0)? [39m  description: null,
[34mI20160821-16:00:59.282(0)? [39m  destination: null,
[34mI20160821-16:00:59.282(0)? [39m  dispute: null,
[34mI20160821-16:00:59.282(0)? [39m  failure_code: null,
[34mI20160821-16:00:59.282(0)? [39m  failure_message: null,
[34mI20160821-16:00:59.282(0)? [39m  fraud_details: {},
[34mI20160821-16:00:59.283(0)? [39m  invoice: null,
[34mI20160821-16:00:59.283(0)? [39m  livemode: false,
[34mI20160821-16:00:59.283(0)? [39m  metadata: {},
[34mI20160821-16:00:59.283(0)? [39m  order: null,
[34mI20160821-16:00:59.283(0)? [39m  paid: true,
[34mI20160821-16:00:59.284(0)? [39m  receipt_email: 'test@gmail.com',
[34mI20160821-16:00:59.284(0)? [39m  receipt_number: null,
[34mI20160821-16:00:59.284(0)? [39m  refunded: false,
[34mI20160821-16:00:59.285(0)? [39m  refunds: 
[34mI20160821-16:00:59.285(0)? [39m   { object: 'list',
[34mI20160821-16:00:59.285(0)? [39m     data: [],
[34mI20160821-16:00:59.286(0)? [39m     has_more: false,
[34mI20160821-16:00:59.286(0)? [39m     total_count: 0,
[34mI20160821-16:00:59.286(0)? [39m     url: '/v1/charges/ch_18kyNaDCa6yIfbuLjwiYo4bh/refunds' },
[34mI20160821-16:00:59.286(0)? [39m  shipping: null,
[34mI20160821-16:00:59.286(0)? [39m  source: 
[34mI20160821-16:00:59.287(0)? [39m   { id: 'card_18kyNXDCa6yIfbuLSb48hm5g',
[34mI20160821-16:00:59.287(0)? [39m     object: 'card',
[34mI20160821-16:00:59.287(0)? [39m     address_city: null,
[34mI20160821-16:00:59.287(0)? [39m     address_country: null,
[34mI20160821-16:00:59.287(0)? [39m     address_line1: null,
[34mI20160821-16:00:59.288(0)? [39m     address_line1_check: null,
[34mI20160821-16:00:59.288(0)? [39m     address_line2: null,
[34mI20160821-16:00:59.288(0)? [39m     address_state: null,
[34mI20160821-16:00:59.288(0)? [39m     address_zip: null,
[34mI20160821-16:00:59.288(0)? [39m     address_zip_check: null,
[34mI20160821-16:00:59.289(0)? [39m     brand: 'Visa',
[34mI20160821-16:00:59.291(0)? [39m     country: 'US',
[34mI20160821-16:00:59.291(0)? [39m     customer: null,
[34mI20160821-16:00:59.291(0)? [39m     cvc_check: 'pass',
[34mI20160821-16:00:59.291(0)? [39m     dynamic_last4: null,
[34mI20160821-16:00:59.292(0)? [39m     exp_month: 12,
[34mI20160821-16:00:59.292(0)? [39m     exp_year: 2021,
[34mI20160821-16:00:59.292(0)? [39m     fingerprint: 'uIQUqN2WcP22S0xl',
[34mI20160821-16:00:59.292(0)? [39m     funding: 'credit',
[34mI20160821-16:00:59.293(0)? [39m     last4: '4242',
[34mI20160821-16:00:59.294(0)? [39m     metadata: {},
[34mI20160821-16:00:59.294(0)? [39m     name: 'testing@gamil.com',
[34mI20160821-16:00:59.294(0)? [39m     tokenization_method: null },
[34mI20160821-16:00:59.294(0)? [39m  source_transfer: null,
[34mI20160821-16:00:59.294(0)? [39m  statement_descriptor: null,
[34mI20160821-16:00:59.295(0)? [39m  status: 'succeeded' }
[34mI20160821-17:39:14.646(0)? [39m{ tournament: 'testing',
[34mI20160821-17:39:14.647(0)? [39m  userFirst: 'm',
[34mI20160821-17:39:14.647(0)? [39m  userLast: 'm',
[34mI20160821-17:39:14.647(0)? [39m  userEmail: 'm@gmail.com',
[34mI20160821-17:39:14.648(0)? [39m  partnerFirst: 'm',
[34mI20160821-17:39:14.648(0)? [39m  partnerLast: 'm',
[34mI20160821-17:39:14.648(0)? [39m  partnerEmail: 'm@gmail.com',
[34mI20160821-17:39:14.648(0)? [39m  studentConsent: 'yes',
[34mI20160821-17:39:14.649(0)? [39m  parentConsent: 'yes',
[34mI20160821-17:39:14.649(0)? [39m  judgeFirst: 'm',
[34mI20160821-17:39:14.649(0)? [39m  judgeLast: 'm',
[34mI20160821-17:39:14.649(0)? [39m  judgeEmail: 'm@m',
[34mI20160821-17:39:14.649(0)? [39m  judgePhone: 'm' }
[34mI20160821-17:39:14.650(0)? [39mnull { id: 'ch_18kzugDCa6yIfbuLKaLlOU52',
[34mI20160821-17:39:14.650(0)? [39m  object: 'charge',
[34mI20160821-17:39:14.650(0)? [39m  amount: 12200,
[34mI20160821-17:39:14.650(0)? [39m  amount_refunded: 0,
[34mI20160821-17:39:14.650(0)? [39m  application_fee: null,
[34mI20160821-17:39:14.651(0)? [39m  balance_transaction: 'txn_18kzugDCa6yIfbuLhezbiYVa',
[34mI20160821-17:39:14.651(0)? [39m  captured: true,
[34mI20160821-17:39:14.651(0)? [39m  created: 1471801154,
[34mI20160821-17:39:14.651(0)? [39m  currency: 'usd',
[34mI20160821-17:39:14.653(0)? [39m  customer: null,
[34mI20160821-17:39:14.653(0)? [39m  description: null,
[34mI20160821-17:39:14.653(0)? [39m  destination: null,
[34mI20160821-17:39:14.653(0)? [39m  dispute: null,
[34mI20160821-17:39:14.654(0)? [39m  failure_code: null,
[34mI20160821-17:39:14.655(0)? [39m  failure_message: null,
[34mI20160821-17:39:14.656(0)? [39m  fraud_details: {},
[34mI20160821-17:39:14.656(0)? [39m  invoice: null,
[34mI20160821-17:39:14.656(0)? [39m  livemode: false,
[34mI20160821-17:39:14.656(0)? [39m  metadata: {},
[34mI20160821-17:39:14.657(0)? [39m  order: null,
[34mI20160821-17:39:14.662(0)? [39m  paid: true,
[34mI20160821-17:39:14.663(0)? [39m  receipt_email: 'm@gmail.com',
[34mI20160821-17:39:14.663(0)? [39m  receipt_number: null,
[34mI20160821-17:39:14.664(0)? [39m  refunded: false,
[34mI20160821-17:39:14.664(0)? [39m  refunds: 
[34mI20160821-17:39:14.664(0)? [39m   { object: 'list',
[34mI20160821-17:39:14.664(0)? [39m     data: [],
[34mI20160821-17:39:14.665(0)? [39m     has_more: false,
[34mI20160821-17:39:14.665(0)? [39m     total_count: 0,
[34mI20160821-17:39:14.665(0)? [39m     url: '/v1/charges/ch_18kzugDCa6yIfbuLKaLlOU52/refunds' },
[34mI20160821-17:39:14.665(0)? [39m  shipping: null,
[34mI20160821-17:39:14.665(0)? [39m  source: 
[34mI20160821-17:39:14.666(0)? [39m   { id: 'card_18kzucDCa6yIfbuLqiJ0wvw8',
[34mI20160821-17:39:14.666(0)? [39m     object: 'card',
[34mI20160821-17:39:14.666(0)? [39m     address_city: null,
[34mI20160821-17:39:14.666(0)? [39m     address_country: null,
[34mI20160821-17:39:14.666(0)? [39m     address_line1: null,
[34mI20160821-17:39:14.667(0)? [39m     address_line1_check: null,
[34mI20160821-17:39:14.667(0)? [39m     address_line2: null,
[34mI20160821-17:39:14.667(0)? [39m     address_state: null,
[34mI20160821-17:39:14.667(0)? [39m     address_zip: null,
[34mI20160821-17:39:14.667(0)? [39m     address_zip_check: null,
[34mI20160821-17:39:14.668(0)? [39m     brand: 'Visa',
[34mI20160821-17:39:14.668(0)? [39m     country: 'US',
[34mI20160821-17:39:14.668(0)? [39m     customer: null,
[34mI20160821-17:39:14.668(0)? [39m     cvc_check: 'pass',
[34mI20160821-17:39:14.668(0)? [39m     dynamic_last4: null,
[34mI20160821-17:39:14.669(0)? [39m     exp_month: 11,
[34mI20160821-17:39:14.670(0)? [39m     exp_year: 2019,
[34mI20160821-17:39:14.670(0)? [39m     fingerprint: 'uIQUqN2WcP22S0xl',
[34mI20160821-17:39:14.671(0)? [39m     funding: 'credit',
[34mI20160821-17:39:14.671(0)? [39m     last4: '4242',
[34mI20160821-17:39:14.671(0)? [39m     metadata: {},
[34mI20160821-17:39:14.671(0)? [39m     name: 'm@gmail.com',
[34mI20160821-17:39:14.672(0)? [39m     tokenization_method: null },
[34mI20160821-17:39:14.672(0)? [39m  source_transfer: null,
[34mI20160821-17:39:14.673(0)? [39m  statement_descriptor: null,
[34mI20160821-17:39:14.673(0)? [39m  status: 'succeeded' }
[34mI20160821-17:43:44.720(0)? [39m{ tournament: 'testing',
[34mI20160821-17:43:44.720(0)? [39m  userFirst: 'm',
[34mI20160821-17:43:44.720(0)? [39m  userLast: 'm',
[34mI20160821-17:43:44.721(0)? [39m  userEmail: 'm@gmail.com',
[34mI20160821-17:43:44.721(0)? [39m  partnerFirst: 'm',
[34mI20160821-17:43:44.721(0)? [39m  partnerLast: 'm',
[34mI20160821-17:43:44.721(0)? [39m  partnerEmail: 'm@gmail.com',
[34mI20160821-17:43:44.723(0)? [39m  studentConsent: 'yes',
[34mI20160821-17:43:44.723(0)? [39m  parentConsent: 'yes',
[34mI20160821-17:43:44.724(0)? [39m  judgeFirst: 'testing-multiple-tournament-entries',
[34mI20160821-17:43:44.724(0)? [39m  judgeLast: 'l',
[34mI20160821-17:43:44.724(0)? [39m  judgeEmail: 'l@m',
[34mI20160821-17:43:44.724(0)? [39m  judgePhone: 'm' }
[34mI20160821-17:43:44.724(0)? [39mnull { id: 'ch_18kzz2DCa6yIfbuLc97Dyrut',
[34mI20160821-17:43:44.725(0)? [39m  object: 'charge',
[34mI20160821-17:43:44.725(0)? [39m  amount: 12200,
[34mI20160821-17:43:44.725(0)? [39m  amount_refunded: 0,
[34mI20160821-17:43:44.725(0)? [39m  application_fee: null,
[34mI20160821-17:43:44.726(0)? [39m  balance_transaction: 'txn_18kzz2DCa6yIfbuLntRawfy6',
[34mI20160821-17:43:44.726(0)? [39m  captured: true,
[34mI20160821-17:43:44.726(0)? [39m  created: 1471801424,
[34mI20160821-17:43:44.726(0)? [39m  currency: 'usd',
[34mI20160821-17:43:44.726(0)? [39m  customer: null,
[34mI20160821-17:43:44.727(0)? [39m  description: null,
[34mI20160821-17:43:44.727(0)? [39m  destination: null,
[34mI20160821-17:43:44.727(0)? [39m  dispute: null,
[34mI20160821-17:43:44.728(0)? [39m  failure_code: null,
[34mI20160821-17:43:44.728(0)? [39m  failure_message: null,
[34mI20160821-17:43:44.728(0)? [39m  fraud_details: {},
[34mI20160821-17:43:44.728(0)? [39m  invoice: null,
[34mI20160821-17:43:44.728(0)? [39m  livemode: false,
[34mI20160821-17:43:44.729(0)? [39m  metadata: {},
[34mI20160821-17:43:44.729(0)? [39m  order: null,
[34mI20160821-17:43:44.729(0)? [39m  paid: true,
[34mI20160821-17:43:44.729(0)? [39m  receipt_email: 'm@gmail.com',
[34mI20160821-17:43:44.729(0)? [39m  receipt_number: null,
[34mI20160821-17:43:44.730(0)? [39m  refunded: false,
[34mI20160821-17:43:44.733(0)? [39m  refunds: 
[34mI20160821-17:43:44.733(0)? [39m   { object: 'list',
[34mI20160821-17:43:44.734(0)? [39m     data: [],
[34mI20160821-17:43:44.734(0)? [39m     has_more: false,
[34mI20160821-17:43:44.735(0)? [39m     total_count: 0,
[34mI20160821-17:43:44.735(0)? [39m     url: '/v1/charges/ch_18kzz2DCa6yIfbuLc97Dyrut/refunds' },
[34mI20160821-17:43:44.736(0)? [39m  shipping: null,
[34mI20160821-17:43:44.736(0)? [39m  source: 
[34mI20160821-17:43:44.737(0)? [39m   { id: 'card_18kzyzDCa6yIfbuLX1y79XYU',
[34mI20160821-17:43:44.737(0)? [39m     object: 'card',
[34mI20160821-17:43:44.737(0)? [39m     address_city: null,
[34mI20160821-17:43:44.738(0)? [39m     address_country: null,
[34mI20160821-17:43:44.738(0)? [39m     address_line1: null,
[34mI20160821-17:43:44.738(0)? [39m     address_line1_check: null,
[34mI20160821-17:43:44.738(0)? [39m     address_line2: null,
[34mI20160821-17:43:44.738(0)? [39m     address_state: null,
[34mI20160821-17:43:44.739(0)? [39m     address_zip: null,
[34mI20160821-17:43:44.739(0)? [39m     address_zip_check: null,
[34mI20160821-17:43:44.739(0)? [39m     brand: 'Visa',
[34mI20160821-17:43:44.739(0)? [39m     country: 'US',
[34mI20160821-17:43:44.739(0)? [39m     customer: null,
[34mI20160821-17:43:44.740(0)? [39m     cvc_check: 'pass',
[34mI20160821-17:43:44.740(0)? [39m     dynamic_last4: null,
[34mI20160821-17:43:44.740(0)? [39m     exp_month: 11,
[34mI20160821-17:43:44.740(0)? [39m     exp_year: 2019,
[34mI20160821-17:43:44.740(0)? [39m     fingerprint: 'uIQUqN2WcP22S0xl',
[34mI20160821-17:43:44.741(0)? [39m     funding: 'credit',
[34mI20160821-17:43:44.741(0)? [39m     last4: '4242',
[34mI20160821-17:43:44.741(0)? [39m     metadata: {},
[34mI20160821-17:43:44.741(0)? [39m     name: 'michellecarolynclark@gmail.com',
[34mI20160821-17:43:44.742(0)? [39m     tokenization_method: null },
[34mI20160821-17:43:44.742(0)? [39m  source_transfer: null,
[34mI20160821-17:43:44.742(0)? [39m  statement_descriptor: null,
[34mI20160821-17:43:44.742(0)? [39m  status: 'succeeded' }
[34mI20160821-17:45:01.699(0)? [39m{ tournament: 'testing',
[34mI20160821-17:45:01.699(0)? [39m  userFirst: 'df',
[34mI20160821-17:45:01.699(0)? [39m  userLast: 'f',
[34mI20160821-17:45:01.700(0)? [39m  userEmail: 'test@gmail.com',
[34mI20160821-17:45:01.700(0)? [39m  partnerFirst: 'df',
[34mI20160821-17:45:01.700(0)? [39m  partnerLast: 'f',
[34mI20160821-17:45:01.705(0)? [39m  partnerEmail: 'test@gmail.com',
[34mI20160821-17:45:01.705(0)? [39m  studentConsent: 'yes',
[34mI20160821-17:45:01.705(0)? [39m  parentConsent: 'yes',
[34mI20160821-17:45:01.706(0)? [39m  judgeFirst: 'test',
[34mI20160821-17:45:01.706(0)? [39m  judgeLast: 'test',
[34mI20160821-17:45:01.706(0)? [39m  judgeEmail: 'test@gmail.com',
[34mI20160821-17:45:01.706(0)? [39m  judgePhone: '11111111111' }
[34mI20160821-17:45:01.707(0)? [39mnull { id: 'ch_18l00HDCa6yIfbuLl7GqeOOv',
[34mI20160821-17:45:01.707(0)? [39m  object: 'charge',
[34mI20160821-17:45:01.707(0)? [39m  amount: 12200,
[34mI20160821-17:45:01.708(0)? [39m  amount_refunded: 0,
[34mI20160821-17:45:01.708(0)? [39m  application_fee: null,
[34mI20160821-17:45:01.721(0)? [39m  balance_transaction: 'txn_18l00HDCa6yIfbuL3h3RsYNx',
[34mI20160821-17:45:01.722(0)? [39m  captured: true,
[34mI20160821-17:45:01.722(0)? [39m  created: 1471801501,
[34mI20160821-17:45:01.722(0)? [39m  currency: 'usd',
[34mI20160821-17:45:01.722(0)? [39m  customer: null,
[34mI20160821-17:45:01.723(0)? [39m  description: null,
[34mI20160821-17:45:01.724(0)? [39m  destination: null,
[34mI20160821-17:45:01.731(0)? [39m  dispute: null,
[34mI20160821-17:45:01.732(0)? [39m  failure_code: null,
[34mI20160821-17:45:01.732(0)? [39m  failure_message: null,
[34mI20160821-17:45:01.732(0)? [39m  fraud_details: {},
[34mI20160821-17:45:01.732(0)? [39m  invoice: null,
[34mI20160821-17:45:01.732(0)? [39m  livemode: false,
[34mI20160821-17:45:01.737(0)? [39m  metadata: {},
[34mI20160821-17:45:01.737(0)? [39m  order: null,
[34mI20160821-17:45:01.738(0)? [39m  paid: true,
[34mI20160821-17:45:01.738(0)? [39m  receipt_email: 'test@gmail.com',
[34mI20160821-17:45:01.738(0)? [39m  receipt_number: null,
[34mI20160821-17:45:01.738(0)? [39m  refunded: false,
[34mI20160821-17:45:01.739(0)? [39m  refunds: 
[34mI20160821-17:45:01.739(0)? [39m   { object: 'list',
[34mI20160821-17:45:01.739(0)? [39m     data: [],
[34mI20160821-17:45:01.739(0)? [39m     has_more: false,
[34mI20160821-17:45:01.739(0)? [39m     total_count: 0,
[34mI20160821-17:45:01.740(0)? [39m     url: '/v1/charges/ch_18l00HDCa6yIfbuLl7GqeOOv/refunds' },
[34mI20160821-17:45:01.740(0)? [39m  shipping: null,
[34mI20160821-17:45:01.740(0)? [39m  source: 
[34mI20160821-17:45:01.740(0)? [39m   { id: 'card_18l00EDCa6yIfbuLkWBGSMfk',
[34mI20160821-17:45:01.741(0)? [39m     object: 'card',
[34mI20160821-17:45:01.745(0)? [39m     address_city: null,
[34mI20160821-17:45:01.745(0)? [39m     address_country: null,
[34mI20160821-17:45:01.746(0)? [39m     address_line1: null,
[34mI20160821-17:45:01.746(0)? [39m     address_line1_check: null,
[34mI20160821-17:45:01.746(0)? [39m     address_line2: null,
[34mI20160821-17:45:01.746(0)? [39m     address_state: null,
[34mI20160821-17:45:01.747(0)? [39m     address_zip: null,
[34mI20160821-17:45:01.747(0)? [39m     address_zip_check: null,
[34mI20160821-17:45:01.747(0)? [39m     brand: 'Visa',
[34mI20160821-17:45:01.747(0)? [39m     country: 'US',
[34mI20160821-17:45:01.748(0)? [39m     customer: null,
[34mI20160821-17:45:01.748(0)? [39m     cvc_check: 'pass',
[34mI20160821-17:45:01.754(0)? [39m     dynamic_last4: null,
[34mI20160821-17:45:01.755(0)? [39m     exp_month: 12,
[34mI20160821-17:45:01.755(0)? [39m     exp_year: 2021,
[34mI20160821-17:45:01.755(0)? [39m     fingerprint: 'uIQUqN2WcP22S0xl',
[34mI20160821-17:45:01.755(0)? [39m     funding: 'credit',
[34mI20160821-17:45:01.756(0)? [39m     last4: '4242',
[34mI20160821-17:45:01.756(0)? [39m     metadata: {},
[34mI20160821-17:45:01.756(0)? [39m     name: 'test@gmail.com',
[34mI20160821-17:45:01.756(0)? [39m     tokenization_method: null },
[34mI20160821-17:45:01.757(0)? [39m  source_transfer: null,
[34mI20160821-17:45:01.757(0)? [39m  statement_descriptor: null,
[34mI20160821-17:45:01.762(0)? [39m  status: 'succeeded' }
[34mI20160821-17:45:55.431(0)? [39mPjZW9xgRtTxcwp6uA
[34mI20160821-17:52:23.703(0)? [39m{ tournament: 'dsaf',
[34mI20160821-17:52:23.704(0)? [39m  userFirst: 'df',
[34mI20160821-17:52:23.704(0)? [39m  userLast: 'f',
[34mI20160821-17:52:23.704(0)? [39m  userEmail: 'test@gmail.com',
[34mI20160821-17:52:23.704(0)? [39m  partnerFirst: 'm',
[34mI20160821-17:52:23.704(0)? [39m  partnerLast: 'm',
[34mI20160821-17:52:23.705(0)? [39m  partnerEmail: 'm@gmail.com',
[34mI20160821-17:52:23.705(0)? [39m  studentConsent: 'yes',
[34mI20160821-17:52:23.705(0)? [39m  parentConsent: 'yes',
[34mI20160821-17:52:23.705(0)? [39m  judgeFirst: 'ds',
[34mI20160821-17:52:23.705(0)? [39m  judgeLast: 'sd',
[34mI20160821-17:52:23.706(0)? [39m  judgeEmail: 'sf@f',
[34mI20160821-17:52:23.706(0)? [39m  judgePhone: 'dds' }
[34mI20160821-17:52:23.706(0)? [39mnull { id: 'ch_18l07PDCa6yIfbuLDihvjQH5',
[34mI20160821-17:52:23.706(0)? [39m  object: 'charge',
[34mI20160821-17:52:23.706(0)? [39m  amount: 2300,
[34mI20160821-17:52:23.707(0)? [39m  amount_refunded: 0,
[34mI20160821-17:52:23.707(0)? [39m  application_fee: null,
[34mI20160821-17:52:23.707(0)? [39m  balance_transaction: 'txn_18l07PDCa6yIfbuLNgKN3FDn',
[34mI20160821-17:52:23.707(0)? [39m  captured: true,
[34mI20160821-17:52:23.707(0)? [39m  created: 1471801943,
[34mI20160821-17:52:23.708(0)? [39m  currency: 'usd',
[34mI20160821-17:52:23.708(0)? [39m  customer: null,
[34mI20160821-17:52:23.708(0)? [39m  description: null,
[34mI20160821-17:52:23.708(0)? [39m  destination: null,
[34mI20160821-17:52:23.708(0)? [39m  dispute: null,
[34mI20160821-17:52:23.708(0)? [39m  failure_code: null,
[34mI20160821-17:52:23.709(0)? [39m  failure_message: null,
[34mI20160821-17:52:23.709(0)? [39m  fraud_details: {},
[34mI20160821-17:52:23.709(0)? [39m  invoice: null,
[34mI20160821-17:52:23.709(0)? [39m  livemode: false,
[34mI20160821-17:52:23.710(0)? [39m  metadata: {},
[34mI20160821-17:52:23.710(0)? [39m  order: null,
[34mI20160821-17:52:23.710(0)? [39m  paid: true,
[34mI20160821-17:52:23.710(0)? [39m  receipt_email: 'test@gmail.com',
[34mI20160821-17:52:23.710(0)? [39m  receipt_number: null,
[34mI20160821-17:52:23.712(0)? [39m  refunded: false,
[34mI20160821-17:52:23.713(0)? [39m  refunds: 
[34mI20160821-17:52:23.716(0)? [39m   { object: 'list',
[34mI20160821-17:52:23.716(0)? [39m     data: [],
[34mI20160821-17:52:23.716(0)? [39m     has_more: false,
[34mI20160821-17:52:23.716(0)? [39m     total_count: 0,
[34mI20160821-17:52:23.716(0)? [39m     url: '/v1/charges/ch_18l07PDCa6yIfbuLDihvjQH5/refunds' },
[34mI20160821-17:52:23.717(0)? [39m  shipping: null,
[34mI20160821-17:52:23.717(0)? [39m  source: 
[34mI20160821-17:52:23.717(0)? [39m   { id: 'card_18l07MDCa6yIfbuLDjq0nP9y',
[34mI20160821-17:52:23.717(0)? [39m     object: 'card',
[34mI20160821-17:52:23.718(0)? [39m     address_city: null,
[34mI20160821-17:52:23.718(0)? [39m     address_country: null,
[34mI20160821-17:52:23.718(0)? [39m     address_line1: null,
[34mI20160821-17:52:23.718(0)? [39m     address_line1_check: null,
[34mI20160821-17:52:23.718(0)? [39m     address_line2: null,
[34mI20160821-17:52:23.719(0)? [39m     address_state: null,
[34mI20160821-17:52:23.719(0)? [39m     address_zip: null,
[34mI20160821-17:52:23.719(0)? [39m     address_zip_check: null,
[34mI20160821-17:52:23.719(0)? [39m     brand: 'Visa',
[34mI20160821-17:52:23.720(0)? [39m     country: 'US',
[34mI20160821-17:52:23.720(0)? [39m     customer: null,
[34mI20160821-17:52:23.720(0)? [39m     cvc_check: 'pass',
[34mI20160821-17:52:23.720(0)? [39m     dynamic_last4: null,
[34mI20160821-17:52:23.720(0)? [39m     exp_month: 12,
[34mI20160821-17:52:23.721(0)? [39m     exp_year: 2021,
[34mI20160821-17:52:23.721(0)? [39m     fingerprint: 'uIQUqN2WcP22S0xl',
[34mI20160821-17:52:23.721(0)? [39m     funding: 'credit',
[34mI20160821-17:52:23.721(0)? [39m     last4: '4242',
[34mI20160821-17:52:23.722(0)? [39m     metadata: {},
[34mI20160821-17:52:23.722(0)? [39m     name: 'test@gmail.com',
[34mI20160821-17:52:23.722(0)? [39m     tokenization_method: null },
[34mI20160821-17:52:23.722(0)? [39m  source_transfer: null,
[34mI20160821-17:52:23.722(0)? [39m  statement_descriptor: null,
[34mI20160821-17:52:23.724(0)? [39m  status: 'succeeded' }
[34mI20160821-18:06:05.423(0)? [39m{ tournament: 'UOP - Open Parli ',
[34mI20160821-18:06:05.423(0)? [39m  userFirst: 'ev',
[34mI20160821-18:06:05.423(0)? [39m  userLast: 'd',
[34mI20160821-18:06:05.423(0)? [39m  userEmail: 'evhs.sd@gmail.com',
[34mI20160821-18:06:05.424(0)? [39m  partnerFirst: 'df',
[34mI20160821-18:06:05.424(0)? [39m  partnerLast: 'f',
[34mI20160821-18:06:05.424(0)? [39m  partnerEmail: 'test@gmail.com',
[34mI20160821-18:06:05.425(0)? [39m  studentConsent: 'yes',
[34mI20160821-18:06:05.425(0)? [39m  parentConsent: 'yes',
[34mI20160821-18:06:05.425(0)? [39m  judgeFirst: 'ev',
[34mI20160821-18:06:05.425(0)? [39m  judgeLast: 'sd',
[34mI20160821-18:06:05.428(0)? [39m  judgeEmail: 'evhs.sd@gmail.com',
[34mI20160821-18:06:05.429(0)? [39m  judgePhone: '99999999999' }
[34mI20160821-18:06:05.429(0)? [39mnull { id: 'ch_18l0KeDCa6yIfbuL8K0EHzF2',
[34mI20160821-18:06:05.430(0)? [39m  object: 'charge',
[34mI20160821-18:06:05.430(0)? [39m  amount: 10000,
[34mI20160821-18:06:05.430(0)? [39m  amount_refunded: 0,
[34mI20160821-18:06:05.433(0)? [39m  application_fee: null,
[34mI20160821-18:06:05.445(0)? [39m  balance_transaction: 'txn_18l0KfDCa6yIfbuLHBjVB982',
[34mI20160821-18:06:05.445(0)? [39m  captured: true,
[34mI20160821-18:06:05.446(0)? [39m  created: 1471802764,
[34mI20160821-18:06:05.446(0)? [39m  currency: 'usd',
[34mI20160821-18:06:05.446(0)? [39m  customer: null,
[34mI20160821-18:06:05.446(0)? [39m  description: null,
[34mI20160821-18:06:05.446(0)? [39m  destination: null,
[34mI20160821-18:06:05.447(0)? [39m  dispute: null,
[34mI20160821-18:06:05.447(0)? [39m  failure_code: null,
[34mI20160821-18:06:05.447(0)? [39m  failure_message: null,
[34mI20160821-18:06:05.447(0)? [39m  fraud_details: {},
[34mI20160821-18:06:05.448(0)? [39m  invoice: null,
[34mI20160821-18:06:05.448(0)? [39m  livemode: false,
[34mI20160821-18:06:05.448(0)? [39m  metadata: {},
[34mI20160821-18:06:05.448(0)? [39m  order: null,
[34mI20160821-18:06:05.448(0)? [39m  paid: true,
[34mI20160821-18:06:05.449(0)? [39m  receipt_email: 'evhs.sd@gmail.com',
[34mI20160821-18:06:05.449(0)? [39m  receipt_number: null,
[34mI20160821-18:06:05.449(0)? [39m  refunded: false,
[34mI20160821-18:06:05.449(0)? [39m  refunds: 
[34mI20160821-18:06:05.449(0)? [39m   { object: 'list',
[34mI20160821-18:06:05.450(0)? [39m     data: [],
[34mI20160821-18:06:05.450(0)? [39m     has_more: false,
[34mI20160821-18:06:05.450(0)? [39m     total_count: 0,
[34mI20160821-18:06:05.450(0)? [39m     url: '/v1/charges/ch_18l0KeDCa6yIfbuL8K0EHzF2/refunds' },
[34mI20160821-18:06:05.451(0)? [39m  shipping: null,
[34mI20160821-18:06:05.451(0)? [39m  source: 
[34mI20160821-18:06:05.451(0)? [39m   { id: 'card_18l0KbDCa6yIfbuLl0GAmQQN',
[34mI20160821-18:06:05.451(0)? [39m     object: 'card',
[34mI20160821-18:06:05.452(0)? [39m     address_city: null,
[34mI20160821-18:06:05.452(0)? [39m     address_country: null,
[34mI20160821-18:06:05.452(0)? [39m     address_line1: null,
[34mI20160821-18:06:05.452(0)? [39m     address_line1_check: null,
[34mI20160821-18:06:05.452(0)? [39m     address_line2: null,
[34mI20160821-18:06:05.455(0)? [39m     address_state: null,
[34mI20160821-18:06:05.455(0)? [39m     address_zip: null,
[34mI20160821-18:06:05.455(0)? [39m     address_zip_check: null,
[34mI20160821-18:06:05.456(0)? [39m     brand: 'Visa',
[34mI20160821-18:06:05.456(0)? [39m     country: 'US',
[34mI20160821-18:06:05.456(0)? [39m     customer: null,
[34mI20160821-18:06:05.456(0)? [39m     cvc_check: 'pass',
[34mI20160821-18:06:05.457(0)? [39m     dynamic_last4: null,
[34mI20160821-18:06:05.457(0)? [39m     exp_month: 10,
[34mI20160821-18:06:05.457(0)? [39m     exp_year: 2024,
[34mI20160821-18:06:05.457(0)? [39m     fingerprint: 'uIQUqN2WcP22S0xl',
[34mI20160821-18:06:05.457(0)? [39m     funding: 'credit',
[34mI20160821-18:06:05.458(0)? [39m     last4: '4242',
[34mI20160821-18:06:05.458(0)? [39m     metadata: {},
[34mI20160821-18:06:05.458(0)? [39m     name: 'evhs.sd@gmail.com',
[34mI20160821-18:06:05.459(0)? [39m     tokenization_method: null },
[34mI20160821-18:06:05.459(0)? [39m  source_transfer: null,
[34mI20160821-18:06:05.459(0)? [39m  statement_descriptor: null,
[34mI20160821-18:06:05.459(0)? [39m  status: 'succeeded' }
=> Meteor 1.4.1 is available. Update this project with 'meteor update'.
=> Meteor 1.4.1 is available. Update this project with 'meteor update'.
=> Meteor 1.4.1 is available. Update this project with 'meteor update'.
=> Meteor 1.4.1 is available. Update this project with 'meteor update'.
=> Meteor 1.4.1 is available. Update this project with 'meteor update'.
=> Meteor 1.4.1.1 is available. Update this project with 'meteor update'.
=> Meteor 1.4.1 is available. Update this project with 'meteor update'.
=> Meteor 1.4.1.1 is available. Update this project with 'meteor update'.
=> Meteor 1.4.1.1 is available. Update this project with 'meteor update'.
[34mI20160825-18:42:33.319(0)? [39mException while invoking method 'editProfile' Error: Match error: Expected number, got string in field grade
[34mI20160825-18:42:33.321(0)? [39m    at exports.check (packages/check/match.js:34:1)
[34mI20160825-18:42:33.322(0)? [39m    at [object Object].editProfile (server/editProfie.js:4:3)
[34mI20160825-18:42:33.324(0)? [39m    at maybeAuditArgumentChecks (packages/ddp-server/livedata_server.js:1711:12)
[34mI20160825-18:42:33.324(0)? [39m    at packages/ddp-server/livedata_server.js:711:19
[34mI20160825-18:42:33.324(0)? [39m    at [object Object]._.extend.withValue (packages/meteor/dynamics_nodejs.js:56:1)
[34mI20160825-18:42:33.324(0)? [39m    at packages/ddp-server/livedata_server.js:709:40
[34mI20160825-18:42:33.325(0)? [39m    at [object Object]._.extend.withValue (packages/meteor/dynamics_nodejs.js:56:1)
[34mI20160825-18:42:33.325(0)? [39m    at packages/ddp-server/livedata_server.js:707:46
[34mI20160825-18:42:33.325(0)? [39m    at Session.method (packages/ddp-server/livedata_server.js:681:23)
[34mI20160825-18:42:33.325(0)? [39m    at packages/ddp-server/livedata_server.js:551:43
[34mI20160825-18:42:33.326(0)? [39mSanitized and reported to the client as: Match failed [400]
[34mI20160825-18:42:33.326(0)? [39m
